<?xml version="1.0" encoding="UTF-8"?>
<!-- Generated by org.testng.reporters.JUnitReportReporter -->
<testsuite hostname="SeenaReddy" failures="0" tests="1" name="com.testscenarios.TS_02_LoginAndLogout" time="23.440" errors="0" timestamp="2024-10-04T07:18:08 MDT" skipped="0">
  <testcase classname="com.testscenarios.TS_02_LoginAndLogout" name="f" time="23.440"/>
</testsuite> <!-- com.testscenarios.TS_02_LoginAndLogout -->
