<?xml version="1.0" encoding="UTF-8"?>
<!-- Generated by org.testng.reporters.JUnitReportReporter -->
<testsuite hostname="SeenaReddy" failures="0" tests="1" name="com.testscenarios.FBlogin" time="3.172" errors="0" timestamp="2024-09-27T06:36:12 MDT" skipped="0">
  <testcase classname="com.testscenarios.FBlogin" name="f" time="3.172"/>
</testsuite> <!-- com.testscenarios.FBlogin -->
