<?xml version="1.0" encoding="UTF-8"?>
<!-- Generated by org.testng.reporters.JUnitReportReporter -->
<testsuite hostname="SeenaReddy" failures="0" tests="3" name="com.testscenarios.AnnotationsDemo" time="0.015" errors="0" timestamp="2024-10-04T06:58:44 MDT" skipped="0">
  <testcase classname="com.testscenarios.AnnotationsDemo" name="tc01" time="0.012"/>
  <testcase classname="com.testscenarios.AnnotationsDemo" name="tc02" time="0.002"/>
  <testcase classname="com.testscenarios.AnnotationsDemo" name="tc03" time="0.001"/>
</testsuite> <!-- com.testscenarios.AnnotationsDemo -->
