<?xml version="1.0" encoding="UTF-8"?>
<!-- Generated by org.testng.reporters.JUnitReportReporter -->
<testsuite hostname="SeenaReddy" failures="0" tests="1" name="com.testscenarios.Srini_TS_04_GuestUSer" time="10.020" errors="0" timestamp="2024-10-02T06:45:18 MDT" skipped="0">
  <testcase classname="com.testscenarios.Srini_TS_04_GuestUSer" name="f" time="10.020"/>
</testsuite> <!-- com.testscenarios.Srini_TS_04_GuestUSer -->
