<?xml version="1.0" encoding="UTF-8"?>
<!-- Generated by org.testng.reporters.JUnitReportReporter -->
<testsuite hostname="SeenaReddy" failures="0" tests="1" name="com.testscenarios.TS_02_LoginAndLogout" time="15.567" errors="0" timestamp="2024-10-01T07:35:35 MDT" skipped="0">
  <testcase classname="com.testscenarios.TS_02_LoginAndLogout" name="f" time="15.567"/>
</testsuite> <!-- com.testscenarios.TS_02_LoginAndLogout -->
