<?xml version="1.0" encoding="UTF-8"?>
<!-- Generated by org.testng.reporters.JUnitReportReporter -->
<testsuite hostname="SeenaReddy" failures="0" tests="1" name="com.testscenarios.ColoradoCricket" time="18.922" errors="0" timestamp="2024-09-27T06:48:37 MDT" skipped="0">
  <testcase classname="com.testscenarios.ColoradoCricket" name="f" time="18.922"/>
</testsuite> <!-- com.testscenarios.ColoradoCricket -->
