<?xml version="1.0" encoding="UTF-8"?>
<!-- Generated by org.testng.reporters.JUnitReportReporter -->
<testsuite hostname="Arunas-MacBook-Pro.local" failures="0" tests="6" name="com.testscenarios.TS_04_GuestUser" time="104.465" errors="0" timestamp="2024-10-15T07:58:24 EDT" skipped="0">
  <testcase classname="com.testscenarios.TS_04_GuestUser" name="TS04_1" time="53.335"/>
  <testcase classname="com.testscenarios.TS_04_GuestUser" name="TS04_6" time="0.424"/>
  <testcase classname="com.testscenarios.TS_04_GuestUser" name="TS04_4" time="2.502"/>
  <testcase classname="com.testscenarios.TS_04_GuestUser" name="TS04_3" time="24.194"/>
  <testcase classname="com.testscenarios.TS_04_GuestUser" name="TS04_2" time="17.476"/>
  <testcase classname="com.testscenarios.TS_04_GuestUser" name="TS04_5" time="6.534"/>
</testsuite> <!-- com.testscenarios.TS_04_GuestUser -->
